<?xml version="1.0" encoding="UTF-8" ?>
<testsuite errors="0" failures="0" hostname="new-host-2.home" name="com.genealogytree.SourceControllerTests" tests="1" time="0.046" timestamp="2010-03-22T15:35:45">
  <properties />
  <testcase classname="com.genealogytree.SourceControllerTests" name="testSomething" time="0.045" />
  <system-out><![CDATA[--Output from testSomething--
]]></system-out>
  <system-err><![CDATA[--Output from testSomething--
]]></system-err>
</testsuite>
