<?xml version="1.0" encoding="UTF-8" ?>
<testsuite errors="0" failures="0" hostname="new-host-2.home" name="com.genealogytree.EventControllerTests" tests="1" time="4.31" timestamp="2010-03-22T15:35:39">
  <properties />
  <testcase classname="com.genealogytree.EventControllerTests" name="testSomething" time="4.308" />
  <system-out><![CDATA[--Output from testSomething--
]]></system-out>
  <system-err><![CDATA[--Output from testSomething--
]]></system-err>
</testsuite>
